<?xml version="1.0" encoding="UTF-8"?>
<coverage generated="1478944314080" clover="3.2.0">
  <project timestamp="1478944314080" name="All files">
    <metrics statements="141" coveredstatements="103" conditionals="100" coveredconditionals="65" methods="22" coveredmethods="18" elements="263" coveredelements="186" complexity="0" loc="141" ncloc="141" packages="1" files="1" classes="1">
      <file name="holmes.js" path="/home/travis/build/Haroenv/holmes/js/holmes.js">
        <metrics statements="141" coveredstatements="103" conditionals="100" coveredconditionals="65" methods="22" coveredmethods="18"/>
        <line num="6" count="1" type="stmt"/>
        <line num="10" count="1" type="stmt"/>
        <line num="12" count="0" type="stmt"/>
        <line num="14" count="0" type="stmt"/>
        <line num="16" count="1" type="stmt"/>
        <line num="20" count="1" type="stmt"/>
        <line num="24" count="0" type="stmt"/>
        <line num="79" count="19" type="stmt"/>
        <line num="81" count="19" type="stmt"/>
        <line num="82" count="1" type="stmt"/>
        <line num="86" count="18" type="stmt"/>
        <line num="87" count="1" type="stmt"/>
        <line num="94" count="17" type="stmt"/>
        <line num="118" count="17" type="stmt"/>
        <line num="119" count="25" type="stmt"/>
        <line num="120" count="1" type="stmt"/>
        <line num="122" count="24" type="stmt"/>
        <line num="123" count="235" type="stmt"/>
        <line num="124" count="149" type="stmt"/>
        <line num="125" count="7" type="stmt"/>
        <line num="127" count="142" type="stmt"/>
        <line num="134" count="17" type="stmt"/>
        <line num="139" count="17" type="stmt"/>
        <line num="140" count="14" type="stmt"/>
        <line num="146" count="14" type="stmt"/>
        <line num="152" count="14" type="stmt"/>
        <line num="153" count="14" type="stmt"/>
        <line num="155" count="0" type="stmt"/>
        <line num="162" count="14" type="stmt"/>
        <line num="168" count="14" type="stmt"/>
        <line num="174" count="14" type="stmt"/>
        <line num="177" count="14" type="stmt"/>
        <line num="182" count="4" type="stmt"/>
        <line num="183" count="4" type="stmt"/>
        <line num="184" count="4" type="stmt"/>
        <line num="186" count="4" type="stmt"/>
        <line num="187" count="4" type="stmt"/>
        <line num="188" count="3" type="stmt"/>
        <line num="190" count="1" type="stmt"/>
        <line num="195" count="13" type="stmt"/>
        <line num="196" count="8" type="stmt"/>
        <line num="197" count="400" type="stmt"/>
        <line num="202" count="13" type="stmt"/>
        <line num="210" count="7" type="stmt"/>
        <line num="211" count="6" type="stmt"/>
        <line num="213" count="1" type="stmt"/>
        <line num="214" count="0" type="stmt"/>
        <line num="216" count="1" type="stmt"/>
        <line num="223" count="17" type="stmt"/>
        <line num="224" count="1" type="stmt"/>
        <line num="225" count="1" type="stmt"/>
        <line num="226" count="0" type="stmt"/>
        <line num="227" count="0" type="stmt"/>
        <line num="229" count="0" type="stmt"/>
        <line num="238" count="248" type="stmt"/>
        <line num="239" count="149" type="stmt"/>
        <line num="241" count="248" type="stmt"/>
        <line num="242" count="248" type="stmt"/>
        <line num="243" count="248" type="stmt"/>
        <line num="245" count="248" type="stmt"/>
        <line num="246" count="0" type="stmt"/>
        <line num="249" count="248" type="stmt"/>
        <line num="250" count="0" type="stmt"/>
        <line num="259" count="2" type="stmt"/>
        <line num="260" count="1" type="stmt"/>
        <line num="262" count="2" type="stmt"/>
        <line num="263" count="0" type="stmt"/>
        <line num="264" count="0" type="stmt"/>
        <line num="266" count="0" type="stmt"/>
        <line num="267" count="0" type="stmt"/>
        <line num="274" count="2" type="stmt"/>
        <line num="275" count="0" type="stmt"/>
        <line num="276" count="0" type="stmt"/>
        <line num="277" count="0" type="stmt"/>
        <line num="287" count="7" type="stmt"/>
        <line num="293" count="7" type="stmt"/>
        <line num="297" count="6" type="stmt"/>
        <line num="298" count="2" type="stmt"/>
        <line num="299" count="2" type="stmt"/>
        <line num="300" count="1" type="stmt"/>
        <line num="307" count="5" type="stmt"/>
        <line num="308" count="0" type="stmt"/>
        <line num="309" count="0" type="stmt"/>
        <line num="310" count="0" type="stmt"/>
        <line num="315" count="5" type="stmt"/>
        <line num="316" count="0" type="stmt"/>
        <line num="319" count="5" type="stmt"/>
        <line num="322" count="250" type="stmt"/>
        <line num="323" count="248" type="stmt"/>
        <line num="325" count="2" type="stmt"/>
        <line num="327" count="2" type="stmt"/>
        <line num="328" count="0" type="stmt"/>
        <line num="330" count="2" type="stmt"/>
        <line num="332" count="2" type="stmt"/>
        <line num="336" count="5" type="stmt"/>
        <line num="337" count="0" type="stmt"/>
        <line num="341" count="5" type="stmt"/>
        <line num="342" count="3" type="stmt"/>
        <line num="344" count="3" type="stmt"/>
        <line num="345" count="1" type="stmt"/>
        <line num="347" count="3" type="stmt"/>
        <line num="348" count="0" type="stmt"/>
        <line num="350" count="2" type="stmt"/>
        <line num="351" count="2" type="stmt"/>
        <line num="352" count="0" type="stmt"/>
        <line num="358" count="17" type="stmt"/>
        <line num="359" count="0" type="stmt"/>
        <line num="362" count="17" type="stmt"/>
        <line num="363" count="13" type="stmt"/>
        <line num="365" count="4" type="stmt"/>
        <line num="366" count="0" type="stmt"/>
        <line num="375" count="16" type="stmt"/>
        <line num="376" count="2" type="stmt"/>
        <line num="377" count="2" type="stmt"/>
        <line num="378" count="2" type="stmt"/>
        <line num="381" count="2" type="stmt"/>
        <line num="382" count="0" type="stmt"/>
        <line num="383" count="0" type="stmt"/>
        <line num="385" count="0" type="stmt"/>
        <line num="390" count="2" type="stmt"/>
        <line num="391" count="0" type="stmt"/>
        <line num="392" count="0" type="stmt"/>
        <line num="397" count="2" type="stmt"/>
        <line num="398" count="2" type="stmt"/>
        <line num="400" count="0" type="stmt"/>
        <line num="409" count="16" type="stmt"/>
        <line num="410" count="1" type="stmt"/>
        <line num="412" count="1" type="stmt"/>
        <line num="413" count="1" type="stmt"/>
        <line num="414" count="50" type="stmt"/>
        <line num="415" count="50" type="stmt"/>
        <line num="418" count="0" type="stmt"/>
        <line num="419" count="0" type="stmt"/>
        <line num="422" count="1" type="stmt"/>
        <line num="423" count="0" type="stmt"/>
        <line num="424" count="0" type="stmt"/>
        <line num="425" count="0" type="stmt"/>
        <line num="429" count="1" type="stmt"/>
        <line num="436" count="16" type="stmt"/>
        <line num="437" count="2" type="stmt"/>
        <line num="455" count="1" type="stmt"/>
      </file>
    </metrics>
  </project>
</coverage>
