<?xml version="1.0" encoding="UTF-8"?>
<coverage generated="1474387433186" clover="3.2.0">
  <project timestamp="1474387433187" name="All files">
    <metrics statements="137" coveredstatements="99" conditionals="98" coveredconditionals="60" methods="12" coveredmethods="11" elements="247" coveredelements="170" complexity="0" loc="137" ncloc="137" packages="1" files="1" classes="1">
      <file name="holmes.js" path="/home/travis/build/Haroenv/holmes/js/holmes.js">
        <metrics statements="137" coveredstatements="99" conditionals="98" coveredconditionals="60" methods="12" coveredmethods="11"/>
        <line num="6" count="1" type="stmt"/>
        <line num="10" count="1" type="stmt"/>
        <line num="12" count="0" type="stmt"/>
        <line num="14" count="0" type="stmt"/>
        <line num="16" count="1" type="stmt"/>
        <line num="20" count="1" type="stmt"/>
        <line num="24" count="0" type="stmt"/>
        <line num="79" count="13" type="stmt"/>
        <line num="81" count="13" type="stmt"/>
        <line num="82" count="1" type="stmt"/>
        <line num="89" count="12" type="stmt"/>
        <line num="92" count="12" type="stmt"/>
        <line num="93" count="1" type="stmt"/>
        <line num="99" count="11" type="stmt"/>
        <line num="101" count="10" type="stmt"/>
        <line num="102" count="9" type="stmt"/>
        <line num="104" count="10" type="stmt"/>
        <line num="105" count="7" type="stmt"/>
        <line num="107" count="10" type="stmt"/>
        <line num="108" count="9" type="stmt"/>
        <line num="110" count="10" type="stmt"/>
        <line num="111" count="5" type="stmt"/>
        <line num="113" count="10" type="stmt"/>
        <line num="114" count="5" type="stmt"/>
        <line num="116" count="10" type="stmt"/>
        <line num="117" count="9" type="stmt"/>
        <line num="119" count="10" type="stmt"/>
        <line num="120" count="9" type="stmt"/>
        <line num="122" count="10" type="stmt"/>
        <line num="123" count="9" type="stmt"/>
        <line num="126" count="10" type="stmt"/>
        <line num="132" count="10" type="stmt"/>
        <line num="138" count="10" type="stmt"/>
        <line num="144" count="10" type="stmt"/>
        <line num="150" count="10" type="stmt"/>
        <line num="156" count="10" type="stmt"/>
        <line num="159" count="10" type="stmt"/>
        <line num="164" count="3" type="stmt"/>
        <line num="165" count="3" type="stmt"/>
        <line num="166" count="3" type="stmt"/>
        <line num="167" count="3" type="stmt"/>
        <line num="168" count="3" type="stmt"/>
        <line num="169" count="3" type="stmt"/>
        <line num="171" count="0" type="stmt"/>
        <line num="176" count="10" type="stmt"/>
        <line num="178" count="5" type="stmt"/>
        <line num="179" count="250" type="stmt"/>
        <line num="184" count="10" type="stmt"/>
        <line num="192" count="4" type="stmt"/>
        <line num="193" count="4" type="stmt"/>
        <line num="195" count="0" type="stmt"/>
        <line num="196" count="0" type="stmt"/>
        <line num="198" count="0" type="stmt"/>
        <line num="206" count="4" type="stmt"/>
        <line num="212" count="4" type="stmt"/>
        <line num="216" count="4" type="stmt"/>
        <line num="217" count="0" type="stmt"/>
        <line num="218" count="0" type="stmt"/>
        <line num="219" count="0" type="stmt"/>
        <line num="226" count="4" type="stmt"/>
        <line num="227" count="0" type="stmt"/>
        <line num="228" count="0" type="stmt"/>
        <line num="229" count="0" type="stmt"/>
        <line num="235" count="4" type="stmt"/>
        <line num="237" count="4" type="stmt"/>
        <line num="240" count="200" type="stmt"/>
        <line num="241" count="198" type="stmt"/>
        <line num="242" count="99" type="stmt"/>
        <line num="244" count="198" type="stmt"/>
        <line num="245" count="198" type="stmt"/>
        <line num="246" count="198" type="stmt"/>
        <line num="248" count="198" type="stmt"/>
        <line num="249" count="0" type="stmt"/>
        <line num="255" count="2" type="stmt"/>
        <line num="256" count="1" type="stmt"/>
        <line num="258" count="2" type="stmt"/>
        <line num="259" count="0" type="stmt"/>
        <line num="260" count="0" type="stmt"/>
        <line num="262" count="0" type="stmt"/>
        <line num="263" count="0" type="stmt"/>
        <line num="265" count="0" type="stmt"/>
        <line num="266" count="0" type="stmt"/>
        <line num="269" count="0" type="stmt"/>
        <line num="275" count="2" type="stmt"/>
        <line num="276" count="0" type="stmt"/>
        <line num="277" count="0" type="stmt"/>
        <line num="278" count="0" type="stmt"/>
        <line num="283" count="2" type="stmt"/>
        <line num="287" count="4" type="stmt"/>
        <line num="288" count="0" type="stmt"/>
        <line num="292" count="4" type="stmt"/>
        <line num="293" count="2" type="stmt"/>
        <line num="295" count="2" type="stmt"/>
        <line num="296" count="1" type="stmt"/>
        <line num="298" count="2" type="stmt"/>
        <line num="299" count="0" type="stmt"/>
        <line num="301" count="2" type="stmt"/>
        <line num="302" count="2" type="stmt"/>
        <line num="303" count="0" type="stmt"/>
        <line num="309" count="11" type="stmt"/>
        <line num="310" count="0" type="stmt"/>
        <line num="313" count="11" type="stmt"/>
        <line num="314" count="9" type="stmt"/>
        <line num="316" count="2" type="stmt"/>
        <line num="324" count="11" type="stmt"/>
        <line num="325" count="2" type="stmt"/>
        <line num="326" count="2" type="stmt"/>
        <line num="327" count="2" type="stmt"/>
        <line num="330" count="2" type="stmt"/>
        <line num="331" count="1" type="stmt"/>
        <line num="333" count="1" type="stmt"/>
        <line num="337" count="1" type="stmt"/>
        <line num="339" count="0" type="stmt"/>
        <line num="340" count="0" type="stmt"/>
        <line num="345" count="1" type="stmt"/>
        <line num="346" count="1" type="stmt"/>
        <line num="348" count="1" type="stmt"/>
        <line num="357" count="11" type="stmt"/>
        <line num="358" count="1" type="stmt"/>
        <line num="359" count="1" type="stmt"/>
        <line num="360" count="0" type="stmt"/>
        <line num="361" count="0" type="stmt"/>
        <line num="363" count="0" type="stmt"/>
        <line num="367" count="1" type="stmt"/>
        <line num="368" count="1" type="stmt"/>
        <line num="369" count="50" type="stmt"/>
        <line num="370" count="50" type="stmt"/>
        <line num="373" count="0" type="stmt"/>
        <line num="374" count="0" type="stmt"/>
        <line num="377" count="1" type="stmt"/>
        <line num="378" count="0" type="stmt"/>
        <line num="379" count="0" type="stmt"/>
        <line num="380" count="0" type="stmt"/>
        <line num="384" count="1" type="stmt"/>
        <line num="391" count="11" type="stmt"/>
        <line num="392" count="2" type="stmt"/>
        <line num="410" count="1" type="stmt"/>
      </file>
    </metrics>
  </project>
</coverage>
