{"/home/travis/build/Haroenv/holmes/js/main.js": {"path":"/home/travis/build/Haroenv/holmes/js/main.js","statementMap":{"0":{"start":{"line":92,"column":25},"end":{"line":92,"column":30}},"1":{"start":{"line":94,"column":4},"end":{"line":96,"column":5}},"2":{"start":{"line":95,"column":6},"end":{"line":95,"column":170}},"3":{"start":{"line":99,"column":4},"end":{"line":101,"column":5}},"4":{"start":{"line":100,"column":6},"end":{"line":100,"column":261}},"5":{"start":{"line":108,"column":4},"end":{"line":126,"column":6}},"6":{"start":{"line":129,"column":4},"end":{"line":129,"column":51}},"7":{"start":{"line":137,"column":4},"end":{"line":137,"column":20}},"8":{"start":{"line":166,"column":4},"end":{"line":166,"column":25}},"9":{"start":{"line":168,"column":4},"end":{"line":174,"column":5}},"10":{"start":{"line":169,"column":6},"end":{"line":169,"column":26}},"11":{"start":{"line":171,"column":6},"end":{"line":173,"column":9}},"12":{"start":{"line":172,"column":8},"end":{"line":172,"column":28}},"13":{"start":{"line":182,"column":4},"end":{"line":261,"column":6}},"14":{"start":{"line":184,"column":27},"end":{"line":184,"column":32}},"15":{"start":{"line":192,"column":6},"end":{"line":192,"column":45}},"16":{"start":{"line":196,"column":6},"end":{"line":202,"column":7}},"17":{"start":{"line":197,"column":8},"end":{"line":201,"column":9}},"18":{"start":{"line":198,"column":10},"end":{"line":200,"column":11}},"19":{"start":{"line":199,"column":12},"end":{"line":199,"column":19}},"20":{"start":{"line":206,"column":6},"end":{"line":210,"column":7}},"21":{"start":{"line":207,"column":8},"end":{"line":207,"column":69}},"22":{"start":{"line":208,"column":8},"end":{"line":208,"column":51}},"23":{"start":{"line":209,"column":8},"end":{"line":209,"column":71}},"24":{"start":{"line":214,"column":6},"end":{"line":223,"column":7}},"25":{"start":{"line":222,"column":8},"end":{"line":222,"column":75}},"26":{"start":{"line":225,"column":6},"end":{"line":240,"column":9}},"27":{"start":{"line":228,"column":8},"end":{"line":239,"column":9}},"28":{"start":{"line":229,"column":10},"end":{"line":229,"column":37}},"29":{"start":{"line":231,"column":10},"end":{"line":233,"column":11}},"30":{"start":{"line":232,"column":12},"end":{"line":232,"column":55}},"31":{"start":{"line":234,"column":10},"end":{"line":234,"column":24}},"32":{"start":{"line":236,"column":10},"end":{"line":236,"column":23}},"33":{"start":{"line":238,"column":10},"end":{"line":238,"column":37}},"34":{"start":{"line":242,"column":6},"end":{"line":244,"column":7}},"35":{"start":{"line":243,"column":8},"end":{"line":243,"column":48}},"36":{"start":{"line":247,"column":6},"end":{"line":260,"column":7}},"37":{"start":{"line":248,"column":8},"end":{"line":248,"column":21}},"38":{"start":{"line":250,"column":8},"end":{"line":252,"column":9}},"39":{"start":{"line":251,"column":10},"end":{"line":251,"column":75}},"40":{"start":{"line":253,"column":8},"end":{"line":255,"column":9}},"41":{"start":{"line":254,"column":10},"end":{"line":254,"column":53}},"42":{"start":{"line":256,"column":13},"end":{"line":260,"column":7}},"43":{"start":{"line":257,"column":8},"end":{"line":259,"column":9}},"44":{"start":{"line":258,"column":10},"end":{"line":258,"column":72}},"45":{"start":{"line":272,"column":4},"end":{"line":274,"column":5}},"46":{"start":{"line":273,"column":6},"end":{"line":273,"column":59}},"47":{"start":{"line":275,"column":4},"end":{"line":282,"column":5}},"48":{"start":{"line":276,"column":6},"end":{"line":276,"column":55}},"49":{"start":{"line":277,"column":6},"end":{"line":277,"column":20}},"50":{"start":{"line":279,"column":6},"end":{"line":281,"column":7}},"51":{"start":{"line":280,"column":8},"end":{"line":280,"column":39}},"52":{"start":{"line":283,"column":4},"end":{"line":285,"column":5}},"53":{"start":{"line":284,"column":6},"end":{"line":284,"column":45}},"54":{"start":{"line":286,"column":4},"end":{"line":288,"column":5}},"55":{"start":{"line":287,"column":6},"end":{"line":287,"column":70}},"56":{"start":{"line":299,"column":4},"end":{"line":301,"column":5}},"57":{"start":{"line":300,"column":6},"end":{"line":300,"column":56}},"58":{"start":{"line":302,"column":4},"end":{"line":309,"column":5}},"59":{"start":{"line":303,"column":6},"end":{"line":303,"column":58}},"60":{"start":{"line":304,"column":6},"end":{"line":304,"column":20}},"61":{"start":{"line":306,"column":6},"end":{"line":308,"column":7}},"62":{"start":{"line":307,"column":8},"end":{"line":307,"column":40}},"63":{"start":{"line":310,"column":4},"end":{"line":312,"column":5}},"64":{"start":{"line":311,"column":6},"end":{"line":311,"column":40}},"65":{"start":{"line":317,"column":4},"end":{"line":322,"column":5}},"66":{"start":{"line":318,"column":6},"end":{"line":318,"column":70}},"67":{"start":{"line":319,"column":6},"end":{"line":321,"column":7}},"68":{"start":{"line":320,"column":8},"end":{"line":320,"column":86}},"69":{"start":{"line":332,"column":4},"end":{"line":334,"column":5}},"70":{"start":{"line":333,"column":6},"end":{"line":333,"column":44}},"71":{"start":{"line":335,"column":4},"end":{"line":337,"column":5}},"72":{"start":{"line":336,"column":6},"end":{"line":336,"column":50}},"73":{"start":{"line":338,"column":4},"end":{"line":338,"column":75}},"74":{"start":{"line":348,"column":4},"end":{"line":354,"column":5}},"75":{"start":{"line":349,"column":6},"end":{"line":349,"column":31}},"76":{"start":{"line":350,"column":11},"end":{"line":354,"column":5}},"77":{"start":{"line":351,"column":6},"end":{"line":351,"column":37}},"78":{"start":{"line":353,"column":6},"end":{"line":353,"column":77}},"79":{"start":{"line":363,"column":4},"end":{"line":363,"column":24}},"80":{"start":{"line":364,"column":4},"end":{"line":364,"column":60}},"81":{"start":{"line":366,"column":4},"end":{"line":370,"column":5}},"82":{"start":{"line":367,"column":6},"end":{"line":367,"column":67}},"83":{"start":{"line":369,"column":6},"end":{"line":369,"column":261}},"84":{"start":{"line":378,"column":4},"end":{"line":378,"column":47}},"85":{"start":{"line":386,"column":4},"end":{"line":386,"column":67}},"86":{"start":{"line":387,"column":4},"end":{"line":387,"column":20}},"87":{"start":{"line":390,"column":4},"end":{"line":400,"column":5}},"88":{"start":{"line":391,"column":6},"end":{"line":391,"column":59}},"89":{"start":{"line":392,"column":6},"end":{"line":392,"column":53}},"90":{"start":{"line":393,"column":6},"end":{"line":393,"column":68}},"91":{"start":{"line":394,"column":6},"end":{"line":394,"column":64}},"92":{"start":{"line":395,"column":6},"end":{"line":399,"column":7}},"93":{"start":{"line":396,"column":8},"end":{"line":396,"column":70}},"94":{"start":{"line":398,"column":8},"end":{"line":398,"column":95}},"95":{"start":{"line":403,"column":4},"end":{"line":408,"column":5}},"96":{"start":{"line":404,"column":26},"end":{"line":404,"column":52}},"97":{"start":{"line":405,"column":6},"end":{"line":407,"column":9}},"98":{"start":{"line":406,"column":8},"end":{"line":406,"column":35}},"99":{"start":{"line":411,"column":4},"end":{"line":411,"column":61}},"100":{"start":{"line":422,"column":4},"end":{"line":448,"column":7}},"101":{"start":{"line":423,"column":6},"end":{"line":447,"column":7}},"102":{"start":{"line":424,"column":8},"end":{"line":424,"column":68}},"103":{"start":{"line":427,"column":8},"end":{"line":433,"column":9}},"104":{"start":{"line":428,"column":10},"end":{"line":432,"column":11}},"105":{"start":{"line":429,"column":12},"end":{"line":429,"column":78}},"106":{"start":{"line":431,"column":12},"end":{"line":431,"column":73}},"107":{"start":{"line":436,"column":8},"end":{"line":440,"column":9}},"108":{"start":{"line":437,"column":10},"end":{"line":439,"column":13}},"109":{"start":{"line":438,"column":12},"end":{"line":438,"column":76}},"110":{"start":{"line":443,"column":8},"end":{"line":443,"column":29}},"111":{"start":{"line":444,"column":8},"end":{"line":444,"column":61}},"112":{"start":{"line":446,"column":8},"end":{"line":446,"column":20}},"113":{"start":{"line":458,"column":4},"end":{"line":458,"column":22}},"114":{"start":{"line":460,"column":4},"end":{"line":470,"column":5}},"115":{"start":{"line":461,"column":26},"end":{"line":461,"column":52}},"116":{"start":{"line":462,"column":6},"end":{"line":465,"column":9}},"117":{"start":{"line":463,"column":8},"end":{"line":463,"column":60}},"118":{"start":{"line":464,"column":8},"end":{"line":464,"column":35}},"119":{"start":{"line":467,"column":6},"end":{"line":469,"column":9}},"120":{"start":{"line":468,"column":8},"end":{"line":468,"column":60}},"121":{"start":{"line":471,"column":4},"end":{"line":476,"column":5}},"122":{"start":{"line":472,"column":6},"end":{"line":472,"column":68}},"123":{"start":{"line":473,"column":6},"end":{"line":475,"column":7}},"124":{"start":{"line":474,"column":8},"end":{"line":474,"column":74}},"125":{"start":{"line":478,"column":4},"end":{"line":478,"column":20}},"126":{"start":{"line":492,"column":4},"end":{"line":496,"column":6}},"127":{"start":{"line":500,"column":15},"end":{"line":500,"column":32}}},"fnMap":{"0":{"name":"(anonymous_0)","decl":{"start":{"line":91,"column":2},"end":{"line":91,"column":3}},"loc":{"start":{"line":91,"column":36},"end":{"line":262,"column":3}}},"1":{"name":"(anonymous_1)","decl":{"start":{"line":171,"column":50},"end":{"line":171,"column":51}},"loc":{"start":{"line":171,"column":56},"end":{"line":173,"column":7}}},"2":{"name":"(anonymous_2)","decl":{"start":{"line":182,"column":25},"end":{"line":182,"column":26}},"loc":{"start":{"line":182,"column":31},"end":{"line":261,"column":5}}},"3":{"name":"(anonymous_3)","decl":{"start":{"line":225,"column":33},"end":{"line":225,"column":34}},"loc":{"start":{"line":225,"column":59},"end":{"line":240,"column":7}}},"4":{"name":"(anonymous_4)","decl":{"start":{"line":271,"column":2},"end":{"line":271,"column":3}},"loc":{"start":{"line":271,"column":37},"end":{"line":289,"column":3}}},"5":{"name":"(anonymous_5)","decl":{"start":{"line":298,"column":2},"end":{"line":298,"column":3}},"loc":{"start":{"line":298,"column":37},"end":{"line":323,"column":3}}},"6":{"name":"(anonymous_6)","decl":{"start":{"line":331,"column":2},"end":{"line":331,"column":3}},"loc":{"start":{"line":331,"column":24},"end":{"line":339,"column":3}}},"7":{"name":"(anonymous_7)","decl":{"start":{"line":347,"column":2},"end":{"line":347,"column":3}},"loc":{"start":{"line":347,"column":26},"end":{"line":355,"column":3}}},"8":{"name":"(anonymous_8)","decl":{"start":{"line":362,"column":2},"end":{"line":362,"column":3}},"loc":{"start":{"line":362,"column":10},"end":{"line":412,"column":3}}},"9":{"name":"(anonymous_9)","decl":{"start":{"line":405,"column":33},"end":{"line":405,"column":34}},"loc":{"start":{"line":405,"column":59},"end":{"line":407,"column":7}}},"10":{"name":"(anonymous_10)","decl":{"start":{"line":421,"column":2},"end":{"line":421,"column":3}},"loc":{"start":{"line":421,"column":21},"end":{"line":449,"column":3}}},"11":{"name":"(anonymous_11)","decl":{"start":{"line":422,"column":23},"end":{"line":422,"column":24}},"loc":{"start":{"line":422,"column":50},"end":{"line":448,"column":5}}},"12":{"name":"(anonymous_12)","decl":{"start":{"line":437,"column":37},"end":{"line":437,"column":38}},"loc":{"start":{"line":437,"column":63},"end":{"line":439,"column":11}}},"13":{"name":"(anonymous_13)","decl":{"start":{"line":457,"column":2},"end":{"line":457,"column":3}},"loc":{"start":{"line":457,"column":10},"end":{"line":479,"column":3}}},"14":{"name":"(anonymous_14)","decl":{"start":{"line":462,"column":33},"end":{"line":462,"column":34}},"loc":{"start":{"line":462,"column":59},"end":{"line":465,"column":7}}},"15":{"name":"(anonymous_15)","decl":{"start":{"line":467,"column":33},"end":{"line":467,"column":34}},"loc":{"start":{"line":467,"column":59},"end":{"line":469,"column":7}}},"16":{"name":"(anonymous_16)","decl":{"start":{"line":487,"column":2},"end":{"line":487,"column":3}},"loc":{"start":{"line":491,"column":4},"end":{"line":497,"column":3}}}},"branchMap":{"0":{"loc":{"start":{"line":94,"column":4},"end":{"line":96,"column":5}},"type":"if","locations":[{"start":{"line":94,"column":4},"end":{"line":96,"column":5}},{"start":{"line":94,"column":4},"end":{"line":96,"column":5}}]},"1":{"loc":{"start":{"line":99,"column":4},"end":{"line":101,"column":5}},"type":"if","locations":[{"start":{"line":99,"column":4},"end":{"line":101,"column":5}},{"start":{"line":99,"column":4},"end":{"line":101,"column":5}}]},"2":{"loc":{"start":{"line":168,"column":4},"end":{"line":174,"column":5}},"type":"if","locations":[{"start":{"line":168,"column":4},"end":{"line":174,"column":5}},{"start":{"line":168,"column":4},"end":{"line":174,"column":5}}]},"3":{"loc":{"start":{"line":196,"column":6},"end":{"line":202,"column":7}},"type":"if","locations":[{"start":{"line":196,"column":6},"end":{"line":202,"column":7}},{"start":{"line":196,"column":6},"end":{"line":202,"column":7}}]},"4":{"loc":{"start":{"line":197,"column":8},"end":{"line":201,"column":9}},"type":"if","locations":[{"start":{"line":197,"column":8},"end":{"line":201,"column":9}},{"start":{"line":197,"column":8},"end":{"line":201,"column":9}}]},"5":{"loc":{"start":{"line":198,"column":10},"end":{"line":200,"column":11}},"type":"if","locations":[{"start":{"line":198,"column":10},"end":{"line":200,"column":11}},{"start":{"line":198,"column":10},"end":{"line":200,"column":11}}]},"6":{"loc":{"start":{"line":206,"column":6},"end":{"line":210,"column":7}},"type":"if","locations":[{"start":{"line":206,"column":6},"end":{"line":210,"column":7}},{"start":{"line":206,"column":6},"end":{"line":210,"column":7}}]},"7":{"loc":{"start":{"line":214,"column":6},"end":{"line":223,"column":7}},"type":"if","locations":[{"start":{"line":214,"column":6},"end":{"line":223,"column":7}},{"start":{"line":214,"column":6},"end":{"line":223,"column":7}}]},"8":{"loc":{"start":{"line":228,"column":8},"end":{"line":239,"column":9}},"type":"if","locations":[{"start":{"line":228,"column":8},"end":{"line":239,"column":9}},{"start":{"line":228,"column":8},"end":{"line":239,"column":9}}]},"9":{"loc":{"start":{"line":231,"column":10},"end":{"line":233,"column":11}},"type":"if","locations":[{"start":{"line":231,"column":10},"end":{"line":233,"column":11}},{"start":{"line":231,"column":10},"end":{"line":233,"column":11}}]},"10":{"loc":{"start":{"line":231,"column":14},"end":{"line":231,"column":65}},"type":"binary-expr","locations":[{"start":{"line":231,"column":14},"end":{"line":231,"column":19}},{"start":{"line":231,"column":23},"end":{"line":231,"column":65}}]},"11":{"loc":{"start":{"line":242,"column":6},"end":{"line":244,"column":7}},"type":"if","locations":[{"start":{"line":242,"column":6},"end":{"line":244,"column":7}},{"start":{"line":242,"column":6},"end":{"line":244,"column":7}}]},"12":{"loc":{"start":{"line":247,"column":6},"end":{"line":260,"column":7}},"type":"if","locations":[{"start":{"line":247,"column":6},"end":{"line":260,"column":7}},{"start":{"line":247,"column":6},"end":{"line":260,"column":7}}]},"13":{"loc":{"start":{"line":247,"column":10},"end":{"line":247,"column":26}},"type":"binary-expr","locations":[{"start":{"line":247,"column":10},"end":{"line":247,"column":16}},{"start":{"line":247,"column":20},"end":{"line":247,"column":26}}]},"14":{"loc":{"start":{"line":250,"column":8},"end":{"line":252,"column":9}},"type":"if","locations":[{"start":{"line":250,"column":8},"end":{"line":252,"column":9}},{"start":{"line":250,"column":8},"end":{"line":252,"column":9}}]},"15":{"loc":{"start":{"line":253,"column":8},"end":{"line":255,"column":9}},"type":"if","locations":[{"start":{"line":253,"column":8},"end":{"line":255,"column":9}},{"start":{"line":253,"column":8},"end":{"line":255,"column":9}}]},"16":{"loc":{"start":{"line":256,"column":13},"end":{"line":260,"column":7}},"type":"if","locations":[{"start":{"line":256,"column":13},"end":{"line":260,"column":7}},{"start":{"line":256,"column":13},"end":{"line":260,"column":7}}]},"17":{"loc":{"start":{"line":257,"column":8},"end":{"line":259,"column":9}},"type":"if","locations":[{"start":{"line":257,"column":8},"end":{"line":259,"column":9}},{"start":{"line":257,"column":8},"end":{"line":259,"column":9}}]},"18":{"loc":{"start":{"line":272,"column":4},"end":{"line":274,"column":5}},"type":"if","locations":[{"start":{"line":272,"column":4},"end":{"line":274,"column":5}},{"start":{"line":272,"column":4},"end":{"line":274,"column":5}}]},"19":{"loc":{"start":{"line":275,"column":4},"end":{"line":282,"column":5}},"type":"if","locations":[{"start":{"line":275,"column":4},"end":{"line":282,"column":5}},{"start":{"line":275,"column":4},"end":{"line":282,"column":5}}]},"20":{"loc":{"start":{"line":279,"column":6},"end":{"line":281,"column":7}},"type":"if","locations":[{"start":{"line":279,"column":6},"end":{"line":281,"column":7}},{"start":{"line":279,"column":6},"end":{"line":281,"column":7}}]},"21":{"loc":{"start":{"line":283,"column":4},"end":{"line":285,"column":5}},"type":"if","locations":[{"start":{"line":283,"column":4},"end":{"line":285,"column":5}},{"start":{"line":283,"column":4},"end":{"line":285,"column":5}}]},"22":{"loc":{"start":{"line":286,"column":4},"end":{"line":288,"column":5}},"type":"if","locations":[{"start":{"line":286,"column":4},"end":{"line":288,"column":5}},{"start":{"line":286,"column":4},"end":{"line":288,"column":5}}]},"23":{"loc":{"start":{"line":299,"column":4},"end":{"line":301,"column":5}},"type":"if","locations":[{"start":{"line":299,"column":4},"end":{"line":301,"column":5}},{"start":{"line":299,"column":4},"end":{"line":301,"column":5}}]},"24":{"loc":{"start":{"line":302,"column":4},"end":{"line":309,"column":5}},"type":"if","locations":[{"start":{"line":302,"column":4},"end":{"line":309,"column":5}},{"start":{"line":302,"column":4},"end":{"line":309,"column":5}}]},"25":{"loc":{"start":{"line":306,"column":6},"end":{"line":308,"column":7}},"type":"if","locations":[{"start":{"line":306,"column":6},"end":{"line":308,"column":7}},{"start":{"line":306,"column":6},"end":{"line":308,"column":7}}]},"26":{"loc":{"start":{"line":310,"column":4},"end":{"line":312,"column":5}},"type":"if","locations":[{"start":{"line":310,"column":4},"end":{"line":312,"column":5}},{"start":{"line":310,"column":4},"end":{"line":312,"column":5}}]},"27":{"loc":{"start":{"line":317,"column":4},"end":{"line":322,"column":5}},"type":"if","locations":[{"start":{"line":317,"column":4},"end":{"line":322,"column":5}},{"start":{"line":317,"column":4},"end":{"line":322,"column":5}}]},"28":{"loc":{"start":{"line":319,"column":6},"end":{"line":321,"column":7}},"type":"if","locations":[{"start":{"line":319,"column":6},"end":{"line":321,"column":7}},{"start":{"line":319,"column":6},"end":{"line":321,"column":7}}]},"29":{"loc":{"start":{"line":332,"column":4},"end":{"line":334,"column":5}},"type":"if","locations":[{"start":{"line":332,"column":4},"end":{"line":334,"column":5}},{"start":{"line":332,"column":4},"end":{"line":334,"column":5}}]},"30":{"loc":{"start":{"line":335,"column":4},"end":{"line":337,"column":5}},"type":"if","locations":[{"start":{"line":335,"column":4},"end":{"line":337,"column":5}},{"start":{"line":335,"column":4},"end":{"line":337,"column":5}}]},"31":{"loc":{"start":{"line":348,"column":4},"end":{"line":354,"column":5}},"type":"if","locations":[{"start":{"line":348,"column":4},"end":{"line":354,"column":5}},{"start":{"line":348,"column":4},"end":{"line":354,"column":5}}]},"32":{"loc":{"start":{"line":350,"column":11},"end":{"line":354,"column":5}},"type":"if","locations":[{"start":{"line":350,"column":11},"end":{"line":354,"column":5}},{"start":{"line":350,"column":11},"end":{"line":354,"column":5}}]},"33":{"loc":{"start":{"line":366,"column":4},"end":{"line":370,"column":5}},"type":"if","locations":[{"start":{"line":366,"column":4},"end":{"line":370,"column":5}},{"start":{"line":366,"column":4},"end":{"line":370,"column":5}}]},"34":{"loc":{"start":{"line":390,"column":4},"end":{"line":400,"column":5}},"type":"if","locations":[{"start":{"line":390,"column":4},"end":{"line":400,"column":5}},{"start":{"line":390,"column":4},"end":{"line":400,"column":5}}]},"35":{"loc":{"start":{"line":395,"column":6},"end":{"line":399,"column":7}},"type":"if","locations":[{"start":{"line":395,"column":6},"end":{"line":399,"column":7}},{"start":{"line":395,"column":6},"end":{"line":399,"column":7}}]},"36":{"loc":{"start":{"line":403,"column":4},"end":{"line":408,"column":5}},"type":"if","locations":[{"start":{"line":403,"column":4},"end":{"line":408,"column":5}},{"start":{"line":403,"column":4},"end":{"line":408,"column":5}}]},"37":{"loc":{"start":{"line":427,"column":8},"end":{"line":433,"column":9}},"type":"if","locations":[{"start":{"line":427,"column":8},"end":{"line":433,"column":9}},{"start":{"line":427,"column":8},"end":{"line":433,"column":9}}]},"38":{"loc":{"start":{"line":428,"column":10},"end":{"line":432,"column":11}},"type":"if","locations":[{"start":{"line":428,"column":10},"end":{"line":432,"column":11}},{"start":{"line":428,"column":10},"end":{"line":432,"column":11}}]},"39":{"loc":{"start":{"line":436,"column":8},"end":{"line":440,"column":9}},"type":"if","locations":[{"start":{"line":436,"column":8},"end":{"line":440,"column":9}},{"start":{"line":436,"column":8},"end":{"line":440,"column":9}}]},"40":{"loc":{"start":{"line":460,"column":4},"end":{"line":470,"column":5}},"type":"if","locations":[{"start":{"line":460,"column":4},"end":{"line":470,"column":5}},{"start":{"line":460,"column":4},"end":{"line":470,"column":5}}]},"41":{"loc":{"start":{"line":471,"column":4},"end":{"line":476,"column":5}},"type":"if","locations":[{"start":{"line":471,"column":4},"end":{"line":476,"column":5}},{"start":{"line":471,"column":4},"end":{"line":476,"column":5}}]},"42":{"loc":{"start":{"line":471,"column":8},"end":{"line":471,"column":61}},"type":"binary-expr","locations":[{"start":{"line":471,"column":8},"end":{"line":471,"column":32}},{"start":{"line":471,"column":36},"end":{"line":471,"column":61}}]},"43":{"loc":{"start":{"line":473,"column":6},"end":{"line":475,"column":7}},"type":"if","locations":[{"start":{"line":473,"column":6},"end":{"line":475,"column":7}},{"start":{"line":473,"column":6},"end":{"line":475,"column":7}}]}},"s":{"0":17,"1":17,"2":1,"3":16,"4":1,"5":15,"6":15,"7":15,"8":15,"9":15,"10":12,"11":3,"12":0,"13":14,"14":1,"15":1,"16":1,"17":0,"18":0,"19":0,"20":1,"21":0,"22":0,"23":0,"24":1,"25":0,"26":1,"27":50,"28":1,"29":1,"30":0,"31":1,"32":1,"33":49,"34":1,"35":0,"36":1,"37":0,"38":0,"39":0,"40":0,"41":0,"42":1,"43":1,"44":0,"45":49,"46":49,"47":49,"48":49,"49":49,"50":49,"51":0,"52":49,"53":0,"54":49,"55":0,"56":1,"57":1,"58":1,"59":0,"60":0,"61":0,"62":0,"63":1,"64":0,"65":1,"66":0,"67":0,"68":0,"69":1,"70":1,"71":0,"72":0,"73":0,"74":1,"75":1,"76":0,"77":0,"78":0,"79":13,"80":13,"81":13,"82":13,"83":0,"84":13,"85":13,"86":13,"87":13,"88":3,"89":3,"90":3,"91":3,"92":3,"93":2,"94":1,"95":12,"96":7,"97":7,"98":350,"99":12,"100":2,"101":2,"102":2,"103":2,"104":0,"105":0,"106":0,"107":2,"108":0,"109":0,"110":2,"111":2,"112":0,"113":1,"114":1,"115":1,"116":1,"117":50,"118":50,"119":0,"120":0,"121":1,"122":0,"123":0,"124":0,"125":1,"126":1,"127":1},"f":{"0":17,"1":0,"2":1,"3":50,"4":49,"5":1,"6":1,"7":1,"8":13,"9":350,"10":2,"11":2,"12":0,"13":1,"14":50,"15":0,"16":1},"b":{"0":[1,16],"1":[1,15],"2":[12,3],"3":[0,1],"4":[0,0],"5":[0,0],"6":[0,1],"7":[0,1],"8":[1,49],"9":[0,1],"10":[1,0],"11":[0,1],"12":[0,1],"13":[1,0],"14":[0,0],"15":[0,0],"16":[1,0],"17":[0,1],"18":[49,0],"19":[49,0],"20":[0,49],"21":[0,49],"22":[0,49],"23":[1,0],"24":[0,1],"25":[0,0],"26":[0,1],"27":[0,1],"28":[0,0],"29":[1,0],"30":[0,0],"31":[1,0],"32":[0,0],"33":[13,0],"34":[3,10],"35":[2,1],"36":[7,5],"37":[0,2],"38":[0,0],"39":[0,2],"40":[1,0],"41":[0,1],"42":[1,0],"43":[0,0]},"_coverageSchema":"332fd63041d2c1bcb487cc26dd0d5f7d97098a6c","hash":"1fcce33a412ca304b9991e7bc2fe3683f8615f08"}
,"/home/travis/build/Haroenv/holmes/js/util.js": {"path":"/home/travis/build/Haroenv/holmes/js/util.js","statementMap":{"0":{"start":{"line":8,"column":2},"end":{"line":10,"column":3}},"1":{"start":{"line":9,"column":4},"end":{"line":9,"column":63}},"2":{"start":{"line":11,"column":2},"end":{"line":19,"column":5}},"3":{"start":{"line":12,"column":4},"end":{"line":18,"column":5}},"4":{"start":{"line":13,"column":6},"end":{"line":17,"column":7}},"5":{"start":{"line":14,"column":8},"end":{"line":14,"column":35}},"6":{"start":{"line":16,"column":8},"end":{"line":16,"column":26}},"7":{"start":{"line":20,"column":2},"end":{"line":20,"column":14}},"8":{"start":{"line":23,"column":16},"end":{"line":23,"column":63}},"9":{"start":{"line":31,"column":18},"end":{"line":39,"column":3}},"10":{"start":{"line":33,"column":4},"end":{"line":37,"column":5}},"11":{"start":{"line":34,"column":6},"end":{"line":34,"column":41}},"12":{"start":{"line":36,"column":6},"end":{"line":36,"column":33}},"13":{"start":{"line":38,"column":4},"end":{"line":38,"column":18}},"14":{"start":{"line":40,"column":2},"end":{"line":40,"column":27}},"15":{"start":{"line":41,"column":2},"end":{"line":41,"column":37}},"16":{"start":{"line":42,"column":2},"end":{"line":42,"column":16}}},"fnMap":{"0":{"name":"mergeObj","decl":{"start":{"line":7,"column":16},"end":{"line":7,"column":24}},"loc":{"start":{"line":7,"column":37},"end":{"line":21,"column":1}}},"1":{"name":"(anonymous_1)","decl":{"start":{"line":11,"column":28},"end":{"line":11,"column":29}},"loc":{"start":{"line":11,"column":41},"end":{"line":19,"column":3}}},"2":{"name":"toFactory","decl":{"start":{"line":30,"column":16},"end":{"line":30,"column":25}},"loc":{"start":{"line":30,"column":33},"end":{"line":43,"column":1}}},"3":{"name":"(anonymous_3)","decl":{"start":{"line":31,"column":18},"end":{"line":31,"column":19}},"loc":{"start":{"line":31,"column":36},"end":{"line":39,"column":3}}}},"branchMap":{"0":{"loc":{"start":{"line":8,"column":2},"end":{"line":10,"column":3}},"type":"if","locations":[{"start":{"line":8,"column":2},"end":{"line":10,"column":3}},{"start":{"line":8,"column":2},"end":{"line":10,"column":3}}]},"1":{"loc":{"start":{"line":8,"column":6},"end":{"line":8,"column":60}},"type":"binary-expr","locations":[{"start":{"line":8,"column":6},"end":{"line":8,"column":31}},{"start":{"line":8,"column":35},"end":{"line":8,"column":60}}]},"2":{"loc":{"start":{"line":12,"column":4},"end":{"line":18,"column":5}},"type":"if","locations":[{"start":{"line":12,"column":4},"end":{"line":18,"column":5}},{"start":{"line":12,"column":4},"end":{"line":18,"column":5}}]},"3":{"loc":{"start":{"line":12,"column":8},"end":{"line":12,"column":66}},"type":"binary-expr","locations":[{"start":{"line":12,"column":8},"end":{"line":12,"column":41}},{"start":{"line":12,"column":45},"end":{"line":12,"column":66}}]},"4":{"loc":{"start":{"line":13,"column":6},"end":{"line":17,"column":7}},"type":"if","locations":[{"start":{"line":13,"column":6},"end":{"line":17,"column":7}},{"start":{"line":13,"column":6},"end":{"line":17,"column":7}}]},"5":{"loc":{"start":{"line":23,"column":16},"end":{"line":23,"column":63}},"type":"cond-expr","locations":[{"start":{"line":23,"column":48},"end":{"line":23,"column":54}},{"start":{"line":23,"column":57},"end":{"line":23,"column":63}}]},"6":{"loc":{"start":{"line":33,"column":4},"end":{"line":37,"column":5}},"type":"if","locations":[{"start":{"line":33,"column":4},"end":{"line":37,"column":5}},{"start":{"line":33,"column":4},"end":{"line":37,"column":5}}]},"7":{"loc":{"start":{"line":33,"column":8},"end":{"line":33,"column":57}},"type":"binary-expr","locations":[{"start":{"line":33,"column":8},"end":{"line":33,"column":35}},{"start":{"line":33,"column":39},"end":{"line":33,"column":57}}]}},"s":{"0":22,"1":1,"2":21,"3":222,"4":132,"5":6,"6":126,"7":21,"8":2,"9":1,"10":17,"11":6,"12":11,"13":14,"14":1,"15":1,"16":1},"f":{"0":22,"1":222,"2":1,"3":17},"b":{"0":[1,21],"1":[22,22],"2":[132,90],"3":[222,99],"4":[6,126],"5":[2,0],"6":[6,11],"7":[17,6]},"_coverageSchema":"332fd63041d2c1bcb487cc26dd0d5f7d97098a6c","hash":"879b169be15f9dca6256db32f1a38a00acd5255d"}
}
