{"/Users/haroenv/git/holmes/js/main.js": {"path":"/Users/haroenv/git/holmes/js/main.js","statementMap":{"0":{"start":{"line":86,"column":25},"end":{"line":86,"column":30}},"1":{"start":{"line":88,"column":4},"end":{"line":90,"column":5}},"2":{"start":{"line":89,"column":6},"end":{"line":89,"column":170}},"3":{"start":{"line":93,"column":4},"end":{"line":95,"column":5}},"4":{"start":{"line":94,"column":6},"end":{"line":94,"column":261}},"5":{"start":{"line":103,"column":4},"end":{"line":121,"column":6}},"6":{"start":{"line":124,"column":4},"end":{"line":124,"column":51}},"7":{"start":{"line":133,"column":4},"end":{"line":133,"column":20}},"8":{"start":{"line":169,"column":4},"end":{"line":169,"column":25}},"9":{"start":{"line":171,"column":4},"end":{"line":177,"column":5}},"10":{"start":{"line":172,"column":6},"end":{"line":172,"column":26}},"11":{"start":{"line":174,"column":6},"end":{"line":176,"column":9}},"12":{"start":{"line":175,"column":8},"end":{"line":175,"column":28}},"13":{"start":{"line":186,"column":4},"end":{"line":256,"column":6}},"14":{"start":{"line":188,"column":27},"end":{"line":188,"column":32}},"15":{"start":{"line":194,"column":6},"end":{"line":194,"column":45}},"16":{"start":{"line":198,"column":6},"end":{"line":204,"column":7}},"17":{"start":{"line":199,"column":8},"end":{"line":203,"column":9}},"18":{"start":{"line":200,"column":10},"end":{"line":202,"column":11}},"19":{"start":{"line":201,"column":12},"end":{"line":201,"column":19}},"20":{"start":{"line":208,"column":6},"end":{"line":212,"column":7}},"21":{"start":{"line":209,"column":8},"end":{"line":209,"column":69}},"22":{"start":{"line":210,"column":8},"end":{"line":210,"column":51}},"23":{"start":{"line":211,"column":8},"end":{"line":211,"column":71}},"24":{"start":{"line":216,"column":6},"end":{"line":218,"column":7}},"25":{"start":{"line":217,"column":8},"end":{"line":217,"column":75}},"26":{"start":{"line":220,"column":6},"end":{"line":235,"column":9}},"27":{"start":{"line":223,"column":8},"end":{"line":234,"column":9}},"28":{"start":{"line":224,"column":10},"end":{"line":224,"column":37}},"29":{"start":{"line":226,"column":10},"end":{"line":228,"column":11}},"30":{"start":{"line":227,"column":12},"end":{"line":227,"column":55}},"31":{"start":{"line":229,"column":10},"end":{"line":229,"column":24}},"32":{"start":{"line":231,"column":10},"end":{"line":231,"column":23}},"33":{"start":{"line":233,"column":10},"end":{"line":233,"column":37}},"34":{"start":{"line":237,"column":6},"end":{"line":239,"column":7}},"35":{"start":{"line":238,"column":8},"end":{"line":238,"column":48}},"36":{"start":{"line":242,"column":6},"end":{"line":255,"column":7}},"37":{"start":{"line":243,"column":8},"end":{"line":243,"column":21}},"38":{"start":{"line":245,"column":8},"end":{"line":247,"column":9}},"39":{"start":{"line":246,"column":10},"end":{"line":246,"column":75}},"40":{"start":{"line":248,"column":8},"end":{"line":250,"column":9}},"41":{"start":{"line":249,"column":10},"end":{"line":249,"column":53}},"42":{"start":{"line":251,"column":13},"end":{"line":255,"column":7}},"43":{"start":{"line":252,"column":8},"end":{"line":254,"column":9}},"44":{"start":{"line":253,"column":10},"end":{"line":253,"column":72}},"45":{"start":{"line":268,"column":4},"end":{"line":270,"column":5}},"46":{"start":{"line":269,"column":6},"end":{"line":269,"column":59}},"47":{"start":{"line":271,"column":4},"end":{"line":278,"column":5}},"48":{"start":{"line":272,"column":6},"end":{"line":272,"column":55}},"49":{"start":{"line":273,"column":6},"end":{"line":273,"column":20}},"50":{"start":{"line":275,"column":6},"end":{"line":277,"column":7}},"51":{"start":{"line":276,"column":8},"end":{"line":276,"column":39}},"52":{"start":{"line":279,"column":4},"end":{"line":281,"column":5}},"53":{"start":{"line":280,"column":6},"end":{"line":280,"column":45}},"54":{"start":{"line":282,"column":4},"end":{"line":284,"column":5}},"55":{"start":{"line":283,"column":6},"end":{"line":283,"column":70}},"56":{"start":{"line":296,"column":4},"end":{"line":298,"column":5}},"57":{"start":{"line":297,"column":6},"end":{"line":297,"column":56}},"58":{"start":{"line":299,"column":4},"end":{"line":306,"column":5}},"59":{"start":{"line":300,"column":6},"end":{"line":300,"column":58}},"60":{"start":{"line":301,"column":6},"end":{"line":301,"column":20}},"61":{"start":{"line":303,"column":6},"end":{"line":305,"column":7}},"62":{"start":{"line":304,"column":8},"end":{"line":304,"column":40}},"63":{"start":{"line":307,"column":4},"end":{"line":309,"column":5}},"64":{"start":{"line":308,"column":6},"end":{"line":308,"column":40}},"65":{"start":{"line":314,"column":4},"end":{"line":319,"column":5}},"66":{"start":{"line":315,"column":6},"end":{"line":315,"column":70}},"67":{"start":{"line":316,"column":6},"end":{"line":318,"column":7}},"68":{"start":{"line":317,"column":8},"end":{"line":317,"column":86}},"69":{"start":{"line":330,"column":4},"end":{"line":332,"column":5}},"70":{"start":{"line":331,"column":6},"end":{"line":331,"column":44}},"71":{"start":{"line":333,"column":4},"end":{"line":335,"column":5}},"72":{"start":{"line":334,"column":6},"end":{"line":334,"column":50}},"73":{"start":{"line":336,"column":4},"end":{"line":336,"column":75}},"74":{"start":{"line":347,"column":4},"end":{"line":353,"column":5}},"75":{"start":{"line":348,"column":6},"end":{"line":348,"column":31}},"76":{"start":{"line":349,"column":11},"end":{"line":353,"column":5}},"77":{"start":{"line":350,"column":6},"end":{"line":350,"column":37}},"78":{"start":{"line":352,"column":6},"end":{"line":352,"column":77}},"79":{"start":{"line":363,"column":4},"end":{"line":363,"column":24}},"80":{"start":{"line":364,"column":4},"end":{"line":364,"column":60}},"81":{"start":{"line":366,"column":4},"end":{"line":370,"column":5}},"82":{"start":{"line":367,"column":6},"end":{"line":367,"column":67}},"83":{"start":{"line":369,"column":6},"end":{"line":369,"column":261}},"84":{"start":{"line":379,"column":4},"end":{"line":379,"column":47}},"85":{"start":{"line":388,"column":4},"end":{"line":388,"column":67}},"86":{"start":{"line":389,"column":4},"end":{"line":389,"column":20}},"87":{"start":{"line":392,"column":4},"end":{"line":402,"column":5}},"88":{"start":{"line":393,"column":6},"end":{"line":393,"column":59}},"89":{"start":{"line":394,"column":6},"end":{"line":394,"column":53}},"90":{"start":{"line":395,"column":6},"end":{"line":395,"column":68}},"91":{"start":{"line":396,"column":6},"end":{"line":396,"column":64}},"92":{"start":{"line":397,"column":6},"end":{"line":401,"column":7}},"93":{"start":{"line":398,"column":8},"end":{"line":398,"column":70}},"94":{"start":{"line":400,"column":8},"end":{"line":400,"column":95}},"95":{"start":{"line":405,"column":4},"end":{"line":410,"column":5}},"96":{"start":{"line":406,"column":26},"end":{"line":406,"column":52}},"97":{"start":{"line":407,"column":6},"end":{"line":409,"column":9}},"98":{"start":{"line":408,"column":8},"end":{"line":408,"column":35}},"99":{"start":{"line":413,"column":4},"end":{"line":413,"column":61}},"100":{"start":{"line":425,"column":4},"end":{"line":451,"column":7}},"101":{"start":{"line":426,"column":6},"end":{"line":450,"column":7}},"102":{"start":{"line":427,"column":8},"end":{"line":427,"column":68}},"103":{"start":{"line":430,"column":8},"end":{"line":436,"column":9}},"104":{"start":{"line":431,"column":10},"end":{"line":435,"column":11}},"105":{"start":{"line":432,"column":12},"end":{"line":432,"column":78}},"106":{"start":{"line":434,"column":12},"end":{"line":434,"column":73}},"107":{"start":{"line":439,"column":8},"end":{"line":443,"column":9}},"108":{"start":{"line":440,"column":10},"end":{"line":442,"column":13}},"109":{"start":{"line":441,"column":12},"end":{"line":441,"column":76}},"110":{"start":{"line":446,"column":8},"end":{"line":446,"column":29}},"111":{"start":{"line":447,"column":8},"end":{"line":447,"column":61}},"112":{"start":{"line":449,"column":8},"end":{"line":449,"column":20}},"113":{"start":{"line":462,"column":4},"end":{"line":462,"column":22}},"114":{"start":{"line":464,"column":4},"end":{"line":474,"column":5}},"115":{"start":{"line":465,"column":26},"end":{"line":465,"column":52}},"116":{"start":{"line":466,"column":6},"end":{"line":469,"column":9}},"117":{"start":{"line":467,"column":8},"end":{"line":467,"column":60}},"118":{"start":{"line":468,"column":8},"end":{"line":468,"column":35}},"119":{"start":{"line":471,"column":6},"end":{"line":473,"column":9}},"120":{"start":{"line":472,"column":8},"end":{"line":472,"column":60}},"121":{"start":{"line":475,"column":4},"end":{"line":480,"column":5}},"122":{"start":{"line":476,"column":6},"end":{"line":476,"column":68}},"123":{"start":{"line":477,"column":6},"end":{"line":479,"column":7}},"124":{"start":{"line":478,"column":8},"end":{"line":478,"column":74}},"125":{"start":{"line":482,"column":4},"end":{"line":482,"column":20}},"126":{"start":{"line":497,"column":4},"end":{"line":501,"column":6}},"127":{"start":{"line":505,"column":15},"end":{"line":505,"column":32}}},"fnMap":{"0":{"name":"(anonymous_0)","decl":{"start":{"line":85,"column":2},"end":{"line":85,"column":3}},"loc":{"start":{"line":85,"column":36},"end":{"line":257,"column":3}}},"1":{"name":"(anonymous_1)","decl":{"start":{"line":174,"column":50},"end":{"line":174,"column":51}},"loc":{"start":{"line":174,"column":56},"end":{"line":176,"column":7}}},"2":{"name":"(anonymous_2)","decl":{"start":{"line":186,"column":25},"end":{"line":186,"column":26}},"loc":{"start":{"line":186,"column":31},"end":{"line":256,"column":5}}},"3":{"name":"(anonymous_3)","decl":{"start":{"line":220,"column":33},"end":{"line":220,"column":34}},"loc":{"start":{"line":220,"column":59},"end":{"line":235,"column":7}}},"4":{"name":"(anonymous_4)","decl":{"start":{"line":267,"column":2},"end":{"line":267,"column":3}},"loc":{"start":{"line":267,"column":37},"end":{"line":285,"column":3}}},"5":{"name":"(anonymous_5)","decl":{"start":{"line":295,"column":2},"end":{"line":295,"column":3}},"loc":{"start":{"line":295,"column":37},"end":{"line":320,"column":3}}},"6":{"name":"(anonymous_6)","decl":{"start":{"line":329,"column":2},"end":{"line":329,"column":3}},"loc":{"start":{"line":329,"column":24},"end":{"line":337,"column":3}}},"7":{"name":"(anonymous_7)","decl":{"start":{"line":346,"column":2},"end":{"line":346,"column":3}},"loc":{"start":{"line":346,"column":26},"end":{"line":354,"column":3}}},"8":{"name":"(anonymous_8)","decl":{"start":{"line":362,"column":2},"end":{"line":362,"column":3}},"loc":{"start":{"line":362,"column":10},"end":{"line":414,"column":3}}},"9":{"name":"(anonymous_9)","decl":{"start":{"line":407,"column":33},"end":{"line":407,"column":34}},"loc":{"start":{"line":407,"column":59},"end":{"line":409,"column":7}}},"10":{"name":"(anonymous_10)","decl":{"start":{"line":424,"column":2},"end":{"line":424,"column":3}},"loc":{"start":{"line":424,"column":21},"end":{"line":452,"column":3}}},"11":{"name":"(anonymous_11)","decl":{"start":{"line":425,"column":23},"end":{"line":425,"column":24}},"loc":{"start":{"line":425,"column":50},"end":{"line":451,"column":5}}},"12":{"name":"(anonymous_12)","decl":{"start":{"line":440,"column":37},"end":{"line":440,"column":38}},"loc":{"start":{"line":440,"column":63},"end":{"line":442,"column":11}}},"13":{"name":"(anonymous_13)","decl":{"start":{"line":461,"column":2},"end":{"line":461,"column":3}},"loc":{"start":{"line":461,"column":10},"end":{"line":483,"column":3}}},"14":{"name":"(anonymous_14)","decl":{"start":{"line":466,"column":33},"end":{"line":466,"column":34}},"loc":{"start":{"line":466,"column":59},"end":{"line":469,"column":7}}},"15":{"name":"(anonymous_15)","decl":{"start":{"line":471,"column":33},"end":{"line":471,"column":34}},"loc":{"start":{"line":471,"column":59},"end":{"line":473,"column":7}}},"16":{"name":"(anonymous_16)","decl":{"start":{"line":492,"column":2},"end":{"line":492,"column":3}},"loc":{"start":{"line":496,"column":4},"end":{"line":502,"column":3}}}},"branchMap":{"0":{"loc":{"start":{"line":88,"column":4},"end":{"line":90,"column":5}},"type":"if","locations":[{"start":{"line":88,"column":4},"end":{"line":90,"column":5}},{"start":{"line":88,"column":4},"end":{"line":90,"column":5}}]},"1":{"loc":{"start":{"line":93,"column":4},"end":{"line":95,"column":5}},"type":"if","locations":[{"start":{"line":93,"column":4},"end":{"line":95,"column":5}},{"start":{"line":93,"column":4},"end":{"line":95,"column":5}}]},"2":{"loc":{"start":{"line":171,"column":4},"end":{"line":177,"column":5}},"type":"if","locations":[{"start":{"line":171,"column":4},"end":{"line":177,"column":5}},{"start":{"line":171,"column":4},"end":{"line":177,"column":5}}]},"3":{"loc":{"start":{"line":198,"column":6},"end":{"line":204,"column":7}},"type":"if","locations":[{"start":{"line":198,"column":6},"end":{"line":204,"column":7}},{"start":{"line":198,"column":6},"end":{"line":204,"column":7}}]},"4":{"loc":{"start":{"line":199,"column":8},"end":{"line":203,"column":9}},"type":"if","locations":[{"start":{"line":199,"column":8},"end":{"line":203,"column":9}},{"start":{"line":199,"column":8},"end":{"line":203,"column":9}}]},"5":{"loc":{"start":{"line":200,"column":10},"end":{"line":202,"column":11}},"type":"if","locations":[{"start":{"line":200,"column":10},"end":{"line":202,"column":11}},{"start":{"line":200,"column":10},"end":{"line":202,"column":11}}]},"6":{"loc":{"start":{"line":208,"column":6},"end":{"line":212,"column":7}},"type":"if","locations":[{"start":{"line":208,"column":6},"end":{"line":212,"column":7}},{"start":{"line":208,"column":6},"end":{"line":212,"column":7}}]},"7":{"loc":{"start":{"line":216,"column":6},"end":{"line":218,"column":7}},"type":"if","locations":[{"start":{"line":216,"column":6},"end":{"line":218,"column":7}},{"start":{"line":216,"column":6},"end":{"line":218,"column":7}}]},"8":{"loc":{"start":{"line":223,"column":8},"end":{"line":234,"column":9}},"type":"if","locations":[{"start":{"line":223,"column":8},"end":{"line":234,"column":9}},{"start":{"line":223,"column":8},"end":{"line":234,"column":9}}]},"9":{"loc":{"start":{"line":226,"column":10},"end":{"line":228,"column":11}},"type":"if","locations":[{"start":{"line":226,"column":10},"end":{"line":228,"column":11}},{"start":{"line":226,"column":10},"end":{"line":228,"column":11}}]},"10":{"loc":{"start":{"line":226,"column":14},"end":{"line":226,"column":65}},"type":"binary-expr","locations":[{"start":{"line":226,"column":14},"end":{"line":226,"column":19}},{"start":{"line":226,"column":23},"end":{"line":226,"column":65}}]},"11":{"loc":{"start":{"line":237,"column":6},"end":{"line":239,"column":7}},"type":"if","locations":[{"start":{"line":237,"column":6},"end":{"line":239,"column":7}},{"start":{"line":237,"column":6},"end":{"line":239,"column":7}}]},"12":{"loc":{"start":{"line":242,"column":6},"end":{"line":255,"column":7}},"type":"if","locations":[{"start":{"line":242,"column":6},"end":{"line":255,"column":7}},{"start":{"line":242,"column":6},"end":{"line":255,"column":7}}]},"13":{"loc":{"start":{"line":242,"column":10},"end":{"line":242,"column":26}},"type":"binary-expr","locations":[{"start":{"line":242,"column":10},"end":{"line":242,"column":16}},{"start":{"line":242,"column":20},"end":{"line":242,"column":26}}]},"14":{"loc":{"start":{"line":245,"column":8},"end":{"line":247,"column":9}},"type":"if","locations":[{"start":{"line":245,"column":8},"end":{"line":247,"column":9}},{"start":{"line":245,"column":8},"end":{"line":247,"column":9}}]},"15":{"loc":{"start":{"line":248,"column":8},"end":{"line":250,"column":9}},"type":"if","locations":[{"start":{"line":248,"column":8},"end":{"line":250,"column":9}},{"start":{"line":248,"column":8},"end":{"line":250,"column":9}}]},"16":{"loc":{"start":{"line":251,"column":13},"end":{"line":255,"column":7}},"type":"if","locations":[{"start":{"line":251,"column":13},"end":{"line":255,"column":7}},{"start":{"line":251,"column":13},"end":{"line":255,"column":7}}]},"17":{"loc":{"start":{"line":252,"column":8},"end":{"line":254,"column":9}},"type":"if","locations":[{"start":{"line":252,"column":8},"end":{"line":254,"column":9}},{"start":{"line":252,"column":8},"end":{"line":254,"column":9}}]},"18":{"loc":{"start":{"line":268,"column":4},"end":{"line":270,"column":5}},"type":"if","locations":[{"start":{"line":268,"column":4},"end":{"line":270,"column":5}},{"start":{"line":268,"column":4},"end":{"line":270,"column":5}}]},"19":{"loc":{"start":{"line":271,"column":4},"end":{"line":278,"column":5}},"type":"if","locations":[{"start":{"line":271,"column":4},"end":{"line":278,"column":5}},{"start":{"line":271,"column":4},"end":{"line":278,"column":5}}]},"20":{"loc":{"start":{"line":275,"column":6},"end":{"line":277,"column":7}},"type":"if","locations":[{"start":{"line":275,"column":6},"end":{"line":277,"column":7}},{"start":{"line":275,"column":6},"end":{"line":277,"column":7}}]},"21":{"loc":{"start":{"line":279,"column":4},"end":{"line":281,"column":5}},"type":"if","locations":[{"start":{"line":279,"column":4},"end":{"line":281,"column":5}},{"start":{"line":279,"column":4},"end":{"line":281,"column":5}}]},"22":{"loc":{"start":{"line":282,"column":4},"end":{"line":284,"column":5}},"type":"if","locations":[{"start":{"line":282,"column":4},"end":{"line":284,"column":5}},{"start":{"line":282,"column":4},"end":{"line":284,"column":5}}]},"23":{"loc":{"start":{"line":296,"column":4},"end":{"line":298,"column":5}},"type":"if","locations":[{"start":{"line":296,"column":4},"end":{"line":298,"column":5}},{"start":{"line":296,"column":4},"end":{"line":298,"column":5}}]},"24":{"loc":{"start":{"line":299,"column":4},"end":{"line":306,"column":5}},"type":"if","locations":[{"start":{"line":299,"column":4},"end":{"line":306,"column":5}},{"start":{"line":299,"column":4},"end":{"line":306,"column":5}}]},"25":{"loc":{"start":{"line":303,"column":6},"end":{"line":305,"column":7}},"type":"if","locations":[{"start":{"line":303,"column":6},"end":{"line":305,"column":7}},{"start":{"line":303,"column":6},"end":{"line":305,"column":7}}]},"26":{"loc":{"start":{"line":307,"column":4},"end":{"line":309,"column":5}},"type":"if","locations":[{"start":{"line":307,"column":4},"end":{"line":309,"column":5}},{"start":{"line":307,"column":4},"end":{"line":309,"column":5}}]},"27":{"loc":{"start":{"line":314,"column":4},"end":{"line":319,"column":5}},"type":"if","locations":[{"start":{"line":314,"column":4},"end":{"line":319,"column":5}},{"start":{"line":314,"column":4},"end":{"line":319,"column":5}}]},"28":{"loc":{"start":{"line":316,"column":6},"end":{"line":318,"column":7}},"type":"if","locations":[{"start":{"line":316,"column":6},"end":{"line":318,"column":7}},{"start":{"line":316,"column":6},"end":{"line":318,"column":7}}]},"29":{"loc":{"start":{"line":330,"column":4},"end":{"line":332,"column":5}},"type":"if","locations":[{"start":{"line":330,"column":4},"end":{"line":332,"column":5}},{"start":{"line":330,"column":4},"end":{"line":332,"column":5}}]},"30":{"loc":{"start":{"line":333,"column":4},"end":{"line":335,"column":5}},"type":"if","locations":[{"start":{"line":333,"column":4},"end":{"line":335,"column":5}},{"start":{"line":333,"column":4},"end":{"line":335,"column":5}}]},"31":{"loc":{"start":{"line":347,"column":4},"end":{"line":353,"column":5}},"type":"if","locations":[{"start":{"line":347,"column":4},"end":{"line":353,"column":5}},{"start":{"line":347,"column":4},"end":{"line":353,"column":5}}]},"32":{"loc":{"start":{"line":349,"column":11},"end":{"line":353,"column":5}},"type":"if","locations":[{"start":{"line":349,"column":11},"end":{"line":353,"column":5}},{"start":{"line":349,"column":11},"end":{"line":353,"column":5}}]},"33":{"loc":{"start":{"line":366,"column":4},"end":{"line":370,"column":5}},"type":"if","locations":[{"start":{"line":366,"column":4},"end":{"line":370,"column":5}},{"start":{"line":366,"column":4},"end":{"line":370,"column":5}}]},"34":{"loc":{"start":{"line":392,"column":4},"end":{"line":402,"column":5}},"type":"if","locations":[{"start":{"line":392,"column":4},"end":{"line":402,"column":5}},{"start":{"line":392,"column":4},"end":{"line":402,"column":5}}]},"35":{"loc":{"start":{"line":397,"column":6},"end":{"line":401,"column":7}},"type":"if","locations":[{"start":{"line":397,"column":6},"end":{"line":401,"column":7}},{"start":{"line":397,"column":6},"end":{"line":401,"column":7}}]},"36":{"loc":{"start":{"line":405,"column":4},"end":{"line":410,"column":5}},"type":"if","locations":[{"start":{"line":405,"column":4},"end":{"line":410,"column":5}},{"start":{"line":405,"column":4},"end":{"line":410,"column":5}}]},"37":{"loc":{"start":{"line":430,"column":8},"end":{"line":436,"column":9}},"type":"if","locations":[{"start":{"line":430,"column":8},"end":{"line":436,"column":9}},{"start":{"line":430,"column":8},"end":{"line":436,"column":9}}]},"38":{"loc":{"start":{"line":431,"column":10},"end":{"line":435,"column":11}},"type":"if","locations":[{"start":{"line":431,"column":10},"end":{"line":435,"column":11}},{"start":{"line":431,"column":10},"end":{"line":435,"column":11}}]},"39":{"loc":{"start":{"line":439,"column":8},"end":{"line":443,"column":9}},"type":"if","locations":[{"start":{"line":439,"column":8},"end":{"line":443,"column":9}},{"start":{"line":439,"column":8},"end":{"line":443,"column":9}}]},"40":{"loc":{"start":{"line":464,"column":4},"end":{"line":474,"column":5}},"type":"if","locations":[{"start":{"line":464,"column":4},"end":{"line":474,"column":5}},{"start":{"line":464,"column":4},"end":{"line":474,"column":5}}]},"41":{"loc":{"start":{"line":475,"column":4},"end":{"line":480,"column":5}},"type":"if","locations":[{"start":{"line":475,"column":4},"end":{"line":480,"column":5}},{"start":{"line":475,"column":4},"end":{"line":480,"column":5}}]},"42":{"loc":{"start":{"line":475,"column":8},"end":{"line":475,"column":61}},"type":"binary-expr","locations":[{"start":{"line":475,"column":8},"end":{"line":475,"column":32}},{"start":{"line":475,"column":36},"end":{"line":475,"column":61}}]},"43":{"loc":{"start":{"line":477,"column":6},"end":{"line":479,"column":7}},"type":"if","locations":[{"start":{"line":477,"column":6},"end":{"line":479,"column":7}},{"start":{"line":477,"column":6},"end":{"line":479,"column":7}}]}},"s":{"0":17,"1":17,"2":1,"3":16,"4":1,"5":15,"6":15,"7":15,"8":15,"9":15,"10":12,"11":3,"12":0,"13":14,"14":1,"15":1,"16":1,"17":0,"18":0,"19":0,"20":1,"21":0,"22":0,"23":0,"24":1,"25":0,"26":1,"27":50,"28":1,"29":1,"30":0,"31":1,"32":1,"33":49,"34":1,"35":0,"36":1,"37":0,"38":0,"39":0,"40":0,"41":0,"42":1,"43":1,"44":0,"45":49,"46":49,"47":49,"48":49,"49":49,"50":49,"51":0,"52":49,"53":0,"54":49,"55":0,"56":1,"57":1,"58":1,"59":0,"60":0,"61":0,"62":0,"63":1,"64":0,"65":1,"66":0,"67":0,"68":0,"69":1,"70":1,"71":0,"72":0,"73":0,"74":1,"75":1,"76":0,"77":0,"78":0,"79":13,"80":13,"81":13,"82":13,"83":0,"84":13,"85":13,"86":13,"87":13,"88":3,"89":3,"90":3,"91":3,"92":3,"93":2,"94":1,"95":12,"96":7,"97":7,"98":350,"99":12,"100":2,"101":2,"102":2,"103":2,"104":0,"105":0,"106":0,"107":2,"108":0,"109":0,"110":2,"111":2,"112":0,"113":1,"114":1,"115":1,"116":1,"117":50,"118":50,"119":0,"120":0,"121":1,"122":0,"123":0,"124":0,"125":1,"126":1,"127":1},"f":{"0":17,"1":0,"2":1,"3":50,"4":49,"5":1,"6":1,"7":1,"8":13,"9":350,"10":2,"11":2,"12":0,"13":1,"14":50,"15":0,"16":1},"b":{"0":[1,16],"1":[1,15],"2":[12,3],"3":[0,1],"4":[0,0],"5":[0,0],"6":[0,1],"7":[0,1],"8":[1,49],"9":[0,1],"10":[1,0],"11":[0,1],"12":[0,1],"13":[1,0],"14":[0,0],"15":[0,0],"16":[1,0],"17":[0,1],"18":[49,0],"19":[49,0],"20":[0,49],"21":[0,49],"22":[0,49],"23":[1,0],"24":[0,1],"25":[0,0],"26":[0,1],"27":[0,1],"28":[0,0],"29":[1,0],"30":[0,0],"31":[1,0],"32":[0,0],"33":[13,0],"34":[3,10],"35":[2,1],"36":[7,5],"37":[0,2],"38":[0,0],"39":[0,2],"40":[1,0],"41":[0,1],"42":[1,0],"43":[0,0]},"_coverageSchema":"332fd63041d2c1bcb487cc26dd0d5f7d97098a6c","hash":"78e408eeb06ba44c2eac7eb2b65e7413d82ca77a"}
,"/Users/haroenv/git/holmes/js/util.js": {"path":"/Users/haroenv/git/holmes/js/util.js","statementMap":{"0":{"start":{"line":8,"column":2},"end":{"line":10,"column":3}},"1":{"start":{"line":9,"column":4},"end":{"line":9,"column":63}},"2":{"start":{"line":11,"column":2},"end":{"line":19,"column":5}},"3":{"start":{"line":12,"column":4},"end":{"line":18,"column":5}},"4":{"start":{"line":13,"column":6},"end":{"line":17,"column":7}},"5":{"start":{"line":14,"column":8},"end":{"line":14,"column":35}},"6":{"start":{"line":16,"column":8},"end":{"line":16,"column":26}},"7":{"start":{"line":20,"column":2},"end":{"line":20,"column":14}},"8":{"start":{"line":23,"column":16},"end":{"line":23,"column":63}},"9":{"start":{"line":31,"column":18},"end":{"line":39,"column":3}},"10":{"start":{"line":33,"column":4},"end":{"line":37,"column":5}},"11":{"start":{"line":34,"column":6},"end":{"line":34,"column":41}},"12":{"start":{"line":36,"column":6},"end":{"line":36,"column":33}},"13":{"start":{"line":38,"column":4},"end":{"line":38,"column":18}},"14":{"start":{"line":40,"column":2},"end":{"line":40,"column":27}},"15":{"start":{"line":41,"column":2},"end":{"line":41,"column":37}},"16":{"start":{"line":42,"column":2},"end":{"line":42,"column":16}}},"fnMap":{"0":{"name":"mergeObj","decl":{"start":{"line":7,"column":16},"end":{"line":7,"column":24}},"loc":{"start":{"line":7,"column":37},"end":{"line":21,"column":1}}},"1":{"name":"(anonymous_1)","decl":{"start":{"line":11,"column":28},"end":{"line":11,"column":29}},"loc":{"start":{"line":11,"column":41},"end":{"line":19,"column":3}}},"2":{"name":"toFactory","decl":{"start":{"line":30,"column":16},"end":{"line":30,"column":25}},"loc":{"start":{"line":30,"column":33},"end":{"line":43,"column":1}}},"3":{"name":"(anonymous_3)","decl":{"start":{"line":31,"column":18},"end":{"line":31,"column":19}},"loc":{"start":{"line":31,"column":36},"end":{"line":39,"column":3}}}},"branchMap":{"0":{"loc":{"start":{"line":8,"column":2},"end":{"line":10,"column":3}},"type":"if","locations":[{"start":{"line":8,"column":2},"end":{"line":10,"column":3}},{"start":{"line":8,"column":2},"end":{"line":10,"column":3}}]},"1":{"loc":{"start":{"line":8,"column":6},"end":{"line":8,"column":60}},"type":"binary-expr","locations":[{"start":{"line":8,"column":6},"end":{"line":8,"column":31}},{"start":{"line":8,"column":35},"end":{"line":8,"column":60}}]},"2":{"loc":{"start":{"line":12,"column":4},"end":{"line":18,"column":5}},"type":"if","locations":[{"start":{"line":12,"column":4},"end":{"line":18,"column":5}},{"start":{"line":12,"column":4},"end":{"line":18,"column":5}}]},"3":{"loc":{"start":{"line":12,"column":8},"end":{"line":12,"column":66}},"type":"binary-expr","locations":[{"start":{"line":12,"column":8},"end":{"line":12,"column":41}},{"start":{"line":12,"column":45},"end":{"line":12,"column":66}}]},"4":{"loc":{"start":{"line":13,"column":6},"end":{"line":17,"column":7}},"type":"if","locations":[{"start":{"line":13,"column":6},"end":{"line":17,"column":7}},{"start":{"line":13,"column":6},"end":{"line":17,"column":7}}]},"5":{"loc":{"start":{"line":23,"column":16},"end":{"line":23,"column":63}},"type":"cond-expr","locations":[{"start":{"line":23,"column":48},"end":{"line":23,"column":54}},{"start":{"line":23,"column":57},"end":{"line":23,"column":63}}]},"6":{"loc":{"start":{"line":33,"column":4},"end":{"line":37,"column":5}},"type":"if","locations":[{"start":{"line":33,"column":4},"end":{"line":37,"column":5}},{"start":{"line":33,"column":4},"end":{"line":37,"column":5}}]},"7":{"loc":{"start":{"line":33,"column":8},"end":{"line":33,"column":57}},"type":"binary-expr","locations":[{"start":{"line":33,"column":8},"end":{"line":33,"column":35}},{"start":{"line":33,"column":39},"end":{"line":33,"column":57}}]}},"s":{"0":22,"1":1,"2":21,"3":222,"4":132,"5":6,"6":126,"7":21,"8":2,"9":1,"10":17,"11":6,"12":11,"13":14,"14":1,"15":1,"16":1},"f":{"0":22,"1":222,"2":1,"3":17},"b":{"0":[1,21],"1":[22,22],"2":[132,90],"3":[222,99],"4":[6,126],"5":[2,0],"6":[6,11],"7":[17,6]},"_coverageSchema":"332fd63041d2c1bcb487cc26dd0d5f7d97098a6c","hash":"88f9dae437be420d7ea564635a226a3158fdec52"}
}
