TN:
SF:/home/travis/build/Haroenv/holmes/js/main.js
FN:91,(anonymous_0)
FN:171,(anonymous_1)
FN:182,(anonymous_2)
FN:225,(anonymous_3)
FN:271,(anonymous_4)
FN:298,(anonymous_5)
FN:331,(anonymous_6)
FN:347,(anonymous_7)
FN:362,(anonymous_8)
FN:405,(anonymous_9)
FN:421,(anonymous_10)
FN:422,(anonymous_11)
FN:437,(anonymous_12)
FN:457,(anonymous_13)
FN:462,(anonymous_14)
FN:467,(anonymous_15)
FN:487,(anonymous_16)
FNF:17
FNH:14
FNDA:17,(anonymous_0)
FNDA:0,(anonymous_1)
FNDA:1,(anonymous_2)
FNDA:50,(anonymous_3)
FNDA:49,(anonymous_4)
FNDA:1,(anonymous_5)
FNDA:1,(anonymous_6)
FNDA:1,(anonymous_7)
FNDA:13,(anonymous_8)
FNDA:350,(anonymous_9)
FNDA:2,(anonymous_10)
FNDA:2,(anonymous_11)
FNDA:0,(anonymous_12)
FNDA:1,(anonymous_13)
FNDA:50,(anonymous_14)
FNDA:0,(anonymous_15)
FNDA:1,(anonymous_16)
DA:92,17
DA:94,17
DA:95,1
DA:99,16
DA:100,1
DA:108,15
DA:129,15
DA:137,15
DA:166,15
DA:168,15
DA:169,12
DA:171,3
DA:172,0
DA:182,14
DA:184,1
DA:192,1
DA:196,1
DA:197,0
DA:198,0
DA:199,0
DA:206,1
DA:207,0
DA:208,0
DA:209,0
DA:214,1
DA:222,0
DA:225,1
DA:228,50
DA:229,1
DA:231,1
DA:232,0
DA:234,1
DA:236,1
DA:238,49
DA:242,1
DA:243,0
DA:247,1
DA:248,0
DA:250,0
DA:251,0
DA:253,0
DA:254,0
DA:256,1
DA:257,1
DA:258,0
DA:272,49
DA:273,49
DA:275,49
DA:276,49
DA:277,49
DA:279,49
DA:280,0
DA:283,49
DA:284,0
DA:286,49
DA:287,0
DA:299,1
DA:300,1
DA:302,1
DA:303,0
DA:304,0
DA:306,0
DA:307,0
DA:310,1
DA:311,0
DA:317,1
DA:318,0
DA:319,0
DA:320,0
DA:332,1
DA:333,1
DA:335,0
DA:336,0
DA:338,0
DA:348,1
DA:349,1
DA:350,0
DA:351,0
DA:353,0
DA:363,13
DA:364,13
DA:366,13
DA:367,13
DA:369,0
DA:378,13
DA:386,13
DA:387,13
DA:390,13
DA:391,3
DA:392,3
DA:393,3
DA:394,3
DA:395,3
DA:396,2
DA:398,1
DA:403,12
DA:404,7
DA:405,7
DA:406,350
DA:411,12
DA:422,2
DA:423,2
DA:424,2
DA:427,2
DA:428,0
DA:429,0
DA:431,0
DA:436,2
DA:437,0
DA:438,0
DA:443,2
DA:444,2
DA:446,0
DA:458,1
DA:460,1
DA:461,1
DA:462,1
DA:463,50
DA:464,50
DA:467,0
DA:468,0
DA:471,1
DA:472,0
DA:473,0
DA:474,0
DA:478,1
DA:492,1
DA:500,1
LF:128
LH:83
BRDA:94,0,0,1
BRDA:94,0,1,16
BRDA:99,1,0,1
BRDA:99,1,1,15
BRDA:168,2,0,12
BRDA:168,2,1,3
BRDA:196,3,0,0
BRDA:196,3,1,1
BRDA:197,4,0,0
BRDA:197,4,1,0
BRDA:198,5,0,0
BRDA:198,5,1,0
BRDA:206,6,0,0
BRDA:206,6,1,1
BRDA:214,7,0,0
BRDA:214,7,1,1
BRDA:228,8,0,1
BRDA:228,8,1,49
BRDA:231,9,0,0
BRDA:231,9,1,1
BRDA:231,10,0,1
BRDA:231,10,1,0
BRDA:242,11,0,0
BRDA:242,11,1,1
BRDA:247,12,0,0
BRDA:247,12,1,1
BRDA:247,13,0,1
BRDA:247,13,1,0
BRDA:250,14,0,0
BRDA:250,14,1,0
BRDA:253,15,0,0
BRDA:253,15,1,0
BRDA:256,16,0,1
BRDA:256,16,1,0
BRDA:257,17,0,0
BRDA:257,17,1,1
BRDA:272,18,0,49
BRDA:272,18,1,0
BRDA:275,19,0,49
BRDA:275,19,1,0
BRDA:279,20,0,0
BRDA:279,20,1,49
BRDA:283,21,0,0
BRDA:283,21,1,49
BRDA:286,22,0,0
BRDA:286,22,1,49
BRDA:299,23,0,1
BRDA:299,23,1,0
BRDA:302,24,0,0
BRDA:302,24,1,1
BRDA:306,25,0,0
BRDA:306,25,1,0
BRDA:310,26,0,0
BRDA:310,26,1,1
BRDA:317,27,0,0
BRDA:317,27,1,1
BRDA:319,28,0,0
BRDA:319,28,1,0
BRDA:332,29,0,1
BRDA:332,29,1,0
BRDA:335,30,0,0
BRDA:335,30,1,0
BRDA:348,31,0,1
BRDA:348,31,1,0
BRDA:350,32,0,0
BRDA:350,32,1,0
BRDA:366,33,0,13
BRDA:366,33,1,0
BRDA:390,34,0,3
BRDA:390,34,1,10
BRDA:395,35,0,2
BRDA:395,35,1,1
BRDA:403,36,0,7
BRDA:403,36,1,5
BRDA:427,37,0,0
BRDA:427,37,1,2
BRDA:428,38,0,0
BRDA:428,38,1,0
BRDA:436,39,0,0
BRDA:436,39,1,2
BRDA:460,40,0,1
BRDA:460,40,1,0
BRDA:471,41,0,0
BRDA:471,41,1,1
BRDA:471,42,0,1
BRDA:471,42,1,0
BRDA:473,43,0,0
BRDA:473,43,1,0
BRF:88
BRH:41
end_of_record
TN:
SF:/home/travis/build/Haroenv/holmes/js/util.js
FN:7,mergeObj
FN:11,(anonymous_1)
FN:30,toFactory
FN:31,(anonymous_3)
FNF:4
FNH:4
FNDA:22,mergeObj
FNDA:222,(anonymous_1)
FNDA:1,toFactory
FNDA:17,(anonymous_3)
DA:8,22
DA:9,1
DA:11,21
DA:12,222
DA:13,132
DA:14,6
DA:16,126
DA:20,21
DA:23,2
DA:31,1
DA:33,17
DA:34,6
DA:36,11
DA:38,14
DA:40,1
DA:41,1
DA:42,1
LF:17
LH:17
BRDA:8,0,0,1
BRDA:8,0,1,21
BRDA:8,1,0,22
BRDA:8,1,1,22
BRDA:12,2,0,132
BRDA:12,2,1,90
BRDA:12,3,0,222
BRDA:12,3,1,99
BRDA:13,4,0,6
BRDA:13,4,1,126
BRDA:23,5,0,2
BRDA:23,5,1,0
BRDA:33,6,0,6
BRDA:33,6,1,11
BRDA:33,7,0,17
BRDA:33,7,1,6
BRF:16
BRH:15
end_of_record
