TN:
SF:/Users/haroenv/git/holmes/js/holmes.js
FN:6,(anonymous_1)
FN:12,(anonymous_2)
FN:26,(anonymous_3)
FN:78,holmes
FN:101,(anonymous_5)
FN:185,inputHandler
FN:320,(anonymous_7)
FN:321,(anonymous_8)
FN:349,(anonymous_9)
FN:383,(anonymous_10)
FNF:10
FNH:5
FNDA:1,(anonymous_1)
FNDA:0,(anonymous_2)
FNDA:1,(anonymous_3)
FNDA:8,holmes
FNDA:5,(anonymous_5)
FNDA:4,inputHandler
FNDA:0,(anonymous_7)
FNDA:0,(anonymous_8)
FNDA:0,(anonymous_9)
FNDA:0,(anonymous_10)
DA:6,1
DA:10,1
DA:12,0
DA:14,0
DA:16,1
DA:20,1
DA:24,0
DA:80,8
DA:82,8
DA:83,1
DA:90,7
DA:93,7
DA:94,0
DA:101,7
DA:104,5
DA:105,5
DA:107,5
DA:108,2
DA:110,5
DA:111,5
DA:113,5
DA:114,4
DA:116,5
DA:117,4
DA:119,5
DA:120,5
DA:122,5
DA:123,5
DA:125,5
DA:126,5
DA:129,5
DA:135,5
DA:140,5
DA:145,5
DA:151,5
DA:154,5
DA:159,3
DA:160,3
DA:161,3
DA:162,3
DA:163,3
DA:164,3
DA:166,0
DA:171,5
DA:173,1
DA:174,50
DA:179,5
DA:188,4
DA:192,4
DA:194,0
DA:195,0
DA:196,0
DA:197,0
DA:199,0
DA:201,0
DA:202,0
DA:211,4
DA:212,4
DA:213,4
DA:214,0
DA:215,0
DA:217,0
DA:222,4
DA:223,0
DA:224,0
DA:230,4
DA:231,4
DA:235,200
DA:236,200
DA:237,0
DA:239,200
DA:240,50
DA:241,50
DA:243,50
DA:244,0
DA:250,0
DA:251,0
DA:253,0
DA:254,0
DA:255,0
DA:257,0
DA:258,0
DA:260,0
DA:261,0
DA:264,0
DA:270,0
DA:271,0
DA:272,0
DA:273,0
DA:278,0
DA:282,4
DA:283,0
DA:287,4
DA:288,4
DA:290,4
DA:291,4
DA:293,4
DA:294,0
DA:296,0
DA:297,0
DA:298,0
DA:305,7
DA:306,2
DA:309,7
DA:310,5
DA:312,2
DA:320,7
DA:321,0
DA:322,0
DA:325,0
DA:326,0
DA:328,0
DA:332,0
DA:334,0
DA:335,0
DA:340,0
DA:341,0
DA:349,7
DA:350,0
DA:351,0
DA:352,0
DA:353,0
DA:354,0
DA:356,0
DA:359,0
DA:360,0
DA:361,0
DA:362,0
DA:365,0
DA:366,0
DA:369,0
DA:370,0
DA:371,0
DA:372,0
DA:376,0
DA:383,7
DA:384,0
DA:403,1
LF:138
LH:71
BRDA:10,1,0,0
BRDA:10,1,1,1
BRDA:10,2,0,1
BRDA:10,2,1,0
BRDA:16,3,0,1
BRDA:16,3,1,0
BRDA:82,4,0,1
BRDA:82,4,1,7
BRDA:93,5,0,0
BRDA:93,5,1,7
BRDA:104,6,0,5
BRDA:104,6,1,0
BRDA:107,7,0,2
BRDA:107,7,1,3
BRDA:110,8,0,5
BRDA:110,8,1,0
BRDA:113,9,0,4
BRDA:113,9,1,1
BRDA:116,10,0,4
BRDA:116,10,1,1
BRDA:119,11,0,5
BRDA:119,11,1,0
BRDA:122,12,0,5
BRDA:122,12,1,0
BRDA:125,13,0,5
BRDA:125,13,1,0
BRDA:154,14,0,3
BRDA:154,14,1,2
BRDA:163,15,0,3
BRDA:163,15,1,0
BRDA:171,16,0,1
BRDA:171,16,1,4
BRDA:192,17,0,0
BRDA:192,17,1,4
BRDA:194,18,0,0
BRDA:194,18,1,0
BRDA:196,19,0,0
BRDA:196,19,1,0
BRDA:201,20,0,0
BRDA:201,20,1,0
BRDA:201,21,0,0
BRDA:201,21,1,0
BRDA:212,22,0,4
BRDA:212,22,1,0
BRDA:214,23,0,0
BRDA:214,23,1,0
BRDA:222,24,0,0
BRDA:222,24,1,4
BRDA:235,25,0,200
BRDA:235,25,1,0
BRDA:236,26,0,0
BRDA:236,26,1,200
BRDA:239,27,0,50
BRDA:239,27,1,150
BRDA:243,28,0,0
BRDA:243,28,1,50
BRDA:250,29,0,0
BRDA:250,29,1,0
BRDA:253,30,0,0
BRDA:253,30,1,0
BRDA:257,31,0,0
BRDA:257,31,1,0
BRDA:257,32,0,0
BRDA:257,32,1,0
BRDA:260,33,0,0
BRDA:260,33,1,0
BRDA:270,34,0,0
BRDA:270,34,1,0
BRDA:272,35,0,0
BRDA:272,35,1,0
BRDA:282,36,0,0
BRDA:282,36,1,4
BRDA:287,37,0,4
BRDA:287,37,1,0
BRDA:287,38,0,4
BRDA:287,38,1,4
BRDA:290,39,0,4
BRDA:290,39,1,0
BRDA:293,40,0,0
BRDA:293,40,1,4
BRDA:296,41,0,0
BRDA:296,41,1,0
BRDA:297,42,0,0
BRDA:297,42,1,0
BRDA:305,43,0,2
BRDA:305,43,1,5
BRDA:309,44,0,5
BRDA:309,44,1,2
BRDA:325,45,0,0
BRDA:325,45,1,0
BRDA:332,46,0,0
BRDA:332,46,1,0
BRDA:351,47,0,0
BRDA:351,47,1,0
BRDA:353,48,0,0
BRDA:353,48,1,0
BRDA:359,49,0,0
BRDA:359,49,1,0
BRDA:369,50,0,0
BRDA:369,50,1,0
BRDA:371,51,0,0
BRDA:371,51,1,0
BRF:102
BRH:40
end_of_record
